#
# There is insufficient memory for the Java Runtime Environment to continue.
# Native memory allocation (mmap) failed to map 257949696 bytes for G1 virtual space
# Possible reasons:
#   The system is out of physical RAM or swap space
#   The process is running with CompressedOops enabled, and the Java Heap may be blocking the growth of the native heap
# Possible solutions:
#   Reduce memory load on the system
#   Increase physical memory or swap space
#   Check if swap backing store is full
#   Decrease Java heap size (-Xmx/-Xms)
#   Decrease number of Java threads
#   Decrease Java thread stack sizes (-Xss)
#   Set larger code cache with -XX:ReservedCodeCacheSize=
#   JVM is running with Zero Based Compressed Oops mode in which the Java heap is
#     placed in the first 32GB address space. The Java Heap base address is the
#     maximum limit for the native heap growth. Please use -XX:HeapBaseMinAddress
#     to set the Java Heap base and to place the Java Heap above 32GB virtual address.
# This output file may be truncated or incomplete.
#
#  Out of Memory Error (os_windows.cpp:3600), pid=22160, tid=21880
#
# JRE version:  (21.0.1+12) (build )
# Java VM: Java HotSpot(TM) 64-Bit Server VM (21.0.1+12-LTS-29, mixed mode, sharing, tiered, compressed oops, compressed class ptrs, g1 gc, windows-amd64)
# No core dump will be written. Minidumps are not enabled by default on client versions of Windows
#

---------------  S U M M A R Y ------------

Command Line: -javaagent:C:\Program Files\JetBrains\IntelliJ IDEA Community Edition 2023.2.3\lib\idea_rt.jar=57403:C:\Program Files\JetBrains\IntelliJ IDEA Community Edition 2023.2.3\bin -Dfile.encoding=UTF-8 -Dsun.stdout.encoding=UTF-8 -Dsun.stderr.encoding=UTF-8 com.example.Security.SecurityApplication

Host: AMD Ryzen 5 5500U with Radeon Graphics         , 12 cores, 15G,  Windows 11 , 64 bit Build 22621 (10.0.22621.4391)
Time: Sat Feb  1 12:41:01 2025 India Standard Time elapsed time: 0.020774 seconds (0d 0h 0m 0s)

---------------  T H R E A D  ---------------

Current thread (0x000002a5307536d0):  JavaThread "Unknown thread" [_thread_in_vm, id=21880, stack(0x000000a774c00000,0x000000a774d00000) (1024K)]

Stack: [0x000000a774c00000,0x000000a774d00000]
Native frames: (J=compiled Java code, j=interpreted, Vv=VM code, C=native code)
V  [jvm.dll+0x6c9029]
V  [jvm.dll+0x854b81]
V  [jvm.dll+0x856e5e]
V  [jvm.dll+0x857543]
V  [jvm.dll+0x280c06]
V  [jvm.dll+0x6c5715]
V  [jvm.dll+0x6ba10a]
V  [jvm.dll+0x3557ea]
V  [jvm.dll+0x35d436]
V  [jvm.dll+0x3ae1be]
V  [jvm.dll+0x3ae468]
V  [jvm.dll+0x3291fc]
V  [jvm.dll+0x329d8b]
V  [jvm.dll+0x81d179]
V  [jvm.dll+0x3bb4f1]
V  [jvm.dll+0x805ae8]
V  [jvm.dll+0x44effe]
V  [jvm.dll+0x450901]
C  [jli.dll+0x52a3]
C  [ucrtbase.dll+0x29333]
C  [KERNEL32.DLL+0x1259d]
C  [ntdll.dll+0x5af38]


---------------  P R O C E S S  ---------------

Threads class SMR info:
_java_thread_list=0x00007ffbace69b88, length=0, elements={
}

Java Threads: ( => current thread )
Total: 0

Other Threads:
  0x000002a52e3cf930 WorkerThread "GC Thread#0"                     [id=13572, stack(0x000000a774d00000,0x000000a774e00000) (1024K)]
  0x000002a5307cb5c0 ConcurrentGCThread "G1 Main Marker"            [id=5028, stack(0x000000a774e00000,0x000000a774f00000) (1024K)]
  0x000002a52e3cfcd0 WorkerThread "G1 Conc#0"                       [id=28356, stack(0x000000a774f00000,0x000000a775000000) (1024K)]

[error occurred during error reporting (printing all threads), id 0xc0000005, EXCEPTION_ACCESS_VIOLATION (0xc0000005) at pc=0x00007ffbac5dc2c7]
VM state: not at safepoint (not fully initialized)

VM Mutex/Monitor currently owned by a thread:  ([mutex/lock_event])
[0x00007ffbaceda6f8] Heap_lock - owner thread: 0x000002a5307536d0

Heap address: 0x000000070ac00000, size: 3924 MB, Compressed Oops mode: Zero based, Oop shift amount: 3

CDS archive(s) mapped at: [0x0000000000000000-0x0000000000000000-0x0000000000000000), size 0, SharedBaseAddress: 0x0000000800000000, ArchiveRelocationMode: 1.
Narrow klass base: 0x0000000000000000, Narrow klass shift: 0, Narrow klass range: 0x0

GC Precious Log:
 CardTable entry size: 512
 Card Set container configuration: InlinePtr #cards 4 size 8 Array Of Cards #cards 16 size 48 Howl #buckets 8 coarsen threshold 3686 Howl Bitmap #cards 512 size 80 coarsen threshold 460 Card regions per heap region 1 cards per card region 4096

Heap:
 garbage-first heap   total 0K, used 0K [0x000000070ac00000, 0x0000000800000000)
  region size 2048K, 0 young (0K), 0 survivors (0K)

[error occurred during error reporting (printing heap information), id 0xc0000005, EXCEPTION_ACCESS_VIOLATION (0xc0000005) at pc=0x00007ffbac9c1be9]
GC Heap History (0 events):
No events

Dll operation events (1 events):
Event: 0.013 Loaded shared library C:\Program Files\Java\jdk-21\bin\java.dll

Deoptimization events (0 events):
No events

Classes loaded (0 events):
No events

Classes unloaded (0 events):
No events

Classes redefined (0 events):
No events

Internal exceptions (0 events):
No events

ZGC Phase Switch (0 events):
No events

VM Operations (0 events):
No events

Events (0 events):
No events


Dynamic libraries:
0x00007ff7c69b0000 - 0x00007ff7c69c0000 	C:\Program Files\Java\jdk-21\bin\java.exe
0x00007ffc14930000 - 0x00007ffc14b47000 	C:\WINDOWS\SYSTEM32\ntdll.dll
0x00007ffc13590000 - 0x00007ffc13654000 	C:\WINDOWS\System32\KERNEL32.DLL
0x00007ffc12230000 - 0x00007ffc125ea000 	C:\WINDOWS\System32\KERNELBASE.dll
0x00007ffc11bf0000 - 0x00007ffc11d01000 	C:\WINDOWS\System32\ucrtbase.dll
0x00007ffc0be10000 - 0x00007ffc0be29000 	C:\Program Files\Java\jdk-21\bin\jli.dll
0x00007ffc0bd70000 - 0x00007ffc0bd8b000 	C:\Program Files\Java\jdk-21\bin\VCRUNTIME140.dll
0x00007ffc12d70000 - 0x00007ffc12e22000 	C:\WINDOWS\System32\ADVAPI32.dll
0x00007ffc14560000 - 0x00007ffc14607000 	C:\WINDOWS\System32\msvcrt.dll
0x00007ffc144b0000 - 0x00007ffc14557000 	C:\WINDOWS\System32\sechost.dll
0x00007ffc125f0000 - 0x00007ffc12618000 	C:\WINDOWS\System32\bcrypt.dll
0x00007ffc14310000 - 0x00007ffc14424000 	C:\WINDOWS\System32\RPCRT4.dll
0x00007ffc14740000 - 0x00007ffc148ee000 	C:\WINDOWS\System32\USER32.dll
0x00007ffc120e0000 - 0x00007ffc12106000 	C:\WINDOWS\System32\win32u.dll
0x00007ffc10f30000 - 0x00007ffc111c2000 	C:\WINDOWS\WinSxS\amd64_microsoft.windows.common-controls_6595b64144ccf1df_6.0.22621.4541_none_2710d1c57384c085\COMCTL32.dll
0x00007ffc12e30000 - 0x00007ffc12e59000 	C:\WINDOWS\System32\GDI32.dll
0x00007ffc12110000 - 0x00007ffc1222b000 	C:\WINDOWS\System32\gdi32full.dll
0x00007ffc12040000 - 0x00007ffc120da000 	C:\WINDOWS\System32\msvcp_win.dll
0x00007ffc10c90000 - 0x00007ffc10c9a000 	C:\WINDOWS\SYSTEM32\VERSION.dll
0x00007ffc12690000 - 0x00007ffc126c1000 	C:\WINDOWS\System32\IMM32.DLL
0x00007ffc0bd40000 - 0x00007ffc0bd4c000 	C:\Program Files\Java\jdk-21\bin\vcruntime140_1.dll
0x00007ffbd02c0000 - 0x00007ffbd034e000 	C:\Program Files\Java\jdk-21\bin\msvcp140.dll
0x00007ffbac2a0000 - 0x00007ffbacfb5000 	C:\Program Files\Java\jdk-21\bin\server\jvm.dll
0x00007ffc126e0000 - 0x00007ffc12751000 	C:\WINDOWS\System32\WS2_32.dll
0x00007ffc11740000 - 0x00007ffc1178d000 	C:\WINDOWS\SYSTEM32\POWRPROF.dll
0x00007ffc0c7e0000 - 0x00007ffc0c814000 	C:\WINDOWS\SYSTEM32\WINMM.dll
0x00007ffc113b0000 - 0x00007ffc113c3000 	C:\WINDOWS\SYSTEM32\UMPDC.dll
0x00007ffc0fd70000 - 0x00007ffc0fd88000 	C:\WINDOWS\SYSTEM32\kernel.appcore.dll
0x00007ffc09cc0000 - 0x00007ffc09cca000 	C:\Program Files\Java\jdk-21\bin\jimage.dll
0x00007ffc11500000 - 0x00007ffc11732000 	C:\WINDOWS\SYSTEM32\DBGHELP.DLL
0x00007ffc13f70000 - 0x00007ffc14301000 	C:\WINDOWS\System32\combase.dll
0x00007ffc14610000 - 0x00007ffc146e7000 	C:\WINDOWS\System32\OLEAUT32.dll
0x00007ffc113f0000 - 0x00007ffc11422000 	C:\WINDOWS\SYSTEM32\dbgcore.DLL
0x00007ffc11f00000 - 0x00007ffc11f7b000 	C:\WINDOWS\System32\bcryptPrimitives.dll
0x00007ffbf65a0000 - 0x00007ffbf65af000 	C:\Program Files\Java\jdk-21\bin\instrument.dll
0x00007ffc0c270000 - 0x00007ffc0c28f000 	C:\Program Files\Java\jdk-21\bin\java.dll

dbghelp: loaded successfully - version: 4.0.5 - missing functions: none
symbol engine: initialized successfully - sym options: 0x614 - pdb path: .;C:\Program Files\Java\jdk-21\bin;C:\WINDOWS\SYSTEM32;C:\WINDOWS\WinSxS\amd64_microsoft.windows.common-controls_6595b64144ccf1df_6.0.22621.4541_none_2710d1c57384c085;C:\Program Files\Java\jdk-21\bin\server

VM Arguments:
jvm_args: -javaagent:C:\Program Files\JetBrains\IntelliJ IDEA Community Edition 2023.2.3\lib\idea_rt.jar=57403:C:\Program Files\JetBrains\IntelliJ IDEA Community Edition 2023.2.3\bin -Dfile.encoding=UTF-8 -Dsun.stdout.encoding=UTF-8 -Dsun.stderr.encoding=UTF-8 
java_command: com.example.Security.SecurityApplication
java_class_path (initial): D:\SpringbootProject\Security\target\classes;C:\Users\hp\.m2\repository\org\springframework\boot\spring-boot-starter-data-jpa\3.4.1\spring-boot-starter-data-jpa-3.4.1.jar;C:\Users\hp\.m2\repository\org\springframework\boot\spring-boot-starter\3.4.1\spring-boot-starter-3.4.1.jar;C:\Users\hp\.m2\repository\org\springframework\boot\spring-boot\3.4.1\spring-boot-3.4.1.jar;C:\Users\hp\.m2\repository\org\springframework\boot\spring-boot-autoconfigure\3.4.1\spring-boot-autoconfigure-3.4.1.jar;C:\Users\hp\.m2\repository\org\springframework\boot\spring-boot-starter-logging\3.4.1\spring-boot-starter-logging-3.4.1.jar;C:\Users\hp\.m2\repository\ch\qos\logback\logback-classic\1.5.12\logback-classic-1.5.12.jar;C:\Users\hp\.m2\repository\ch\qos\logback\logback-core\1.5.12\logback-core-1.5.12.jar;C:\Users\hp\.m2\repository\org\apache\logging\log4j\log4j-to-slf4j\2.24.3\log4j-to-slf4j-2.24.3.jar;C:\Users\hp\.m2\repository\org\slf4j\jul-to-slf4j\2.0.16\jul-to-slf4j-2.0.16.jar;C:\Users\hp\.m2\repository\jakarta\annotation\jakarta.annotation-api\2.1.1\jakarta.annotation-api-2.1.1.jar;C:\Users\hp\.m2\repository\org\yaml\snakeyaml\2.3\snakeyaml-2.3.jar;C:\Users\hp\.m2\repository\org\hibernate\orm\hibernate-core\6.6.4.Final\hibernate-core-6.6.4.Final.jar;C:\Users\hp\.m2\repository\jakarta\persistence\jakarta.persistence-api\3.1.0\jakarta.persistence-api-3.1.0.jar;C:\Users\hp\.m2\repository\jakarta\transaction\jakarta.transaction-api\2.0.1\jakarta.transaction-api-2.0.1.jar;C:\Users\hp\.m2\repository\org\jboss\logging\jboss-logging\3.6.1.Final\jboss-logging-3.6.1.Final.jar;C:\Users\hp\.m2\repository\org\hibernate\common\hibernate-commons-annotations\7.0.3.Final\hibernate-commons-annotations-7.0.3.Final.jar;C:\Users\hp\.m2\repository\io\smallrye\jandex\3.2.0\jandex-3.2.0.jar;C:\Users\hp\.m2\repository\com\fasterxml\classmate\1.7.0\classmate-1.7.0.jar;C:\Users\hp\.m2\repository\net\bytebuddy\byte-buddy\1.15.11\byte-buddy-1.15.11.jar;C:\Users\hp\.m2\repository\org\glassfish\jaxb\jaxb-runtime\4.0.5\jaxb-runtime-4.0.5.jar;C:\Users\hp\.m2\repository\org\glassfish\jaxb\jaxb-core\4.0.5\jaxb-core-4.0.5.jar;C:\Users\hp\.m2\repository\org\eclipse\angus\angus-activation\2.0.2\angus-activation-2.0.2.jar;C:\Users\hp\.m2\repository\org\glassfish\jaxb\txw2\4.0.5\txw2-4.0.5.jar;C:\Users\hp\.m2\repository\com\sun\istack\istack-commons-runtime\4.1.2\istack-commons-runtime-4.1.2.jar;C:\Users\hp\.m2\repository\jakarta\inject\jakarta.inject-api\2.0.1\jakarta.inject-api-2.0.1.jar;C:\Users\hp\.m2\repository\org\antlr\antlr4-runtime\4.13.0\antlr4-runtime-4.13.0.jar;C:\Users\hp\.m2\repository\org\springframework\data\spring-data-jpa\3.4.1\spring-data-jpa-3.4.1.jar;C:\Users\hp\.m2\repository\org\springframework\data\spring-data-commons\3.4.1\spring-data-commons-3.4.1.jar;C:\Users\hp\.m2\repository\org\springframework\spring-orm\6.2.1\spring-orm-6.2.1.jar;C:\Users\hp\.m2\repository\org\springframework\spring-context\6.2.1\spring-context-6.2.1.jar;C:\Users\hp\.m2\repository\org\springframework\spring-tx\6.2.1\spring-tx-6.2.1.jar;C:\Users\hp\.m2\repository\org\springframework\spring-beans\6.2.1\spring-beans-6.2.1.jar;C:\Users\hp\.m2\repository\org\slf4j\slf4j-api\2.0.16\slf4j-api-2.0.16.jar;C:\Users\hp\.m2\repository\org\springframework\spring-aspects\6.2.1\spring-aspects-6.2.1.jar;C:\Users\hp\.m2\repository\org\aspectj\aspectjweaver\1.9.22.1\aspectjweaver-1.9.22.1.jar;C:\Users\hp\.m2\repository\org\projectlombok\lombok\1.18.36\lombok-1.18.36.jar;C:\Users\hp\.m2\repository\org\springframework\boot\spring-boot-starter-jdbc\3.4.1\spring-boot-starter-jdbc-3.4.1.jar;C:\Users\hp\.m2\repository\com\zaxxer\HikariCP\5.1.0\HikariCP-5.1.0.jar;C:\Users\hp\.m2\repository\org\springframework\spring-jdbc\6.2.1\spring-jdbc-6.2.1.jar;C:\Users\hp\.m2\repository\org\springframework\boot\spring-boot-starter-security\3.4.1\spring-boot-starter-security-3.4.1.jar;C:\Users\hp\.m2\repository\org\springframework\spring-aop\6.2.1\spring-aop-6.2.1.jar;C:\Users\hp\.m2\repository\org\springframework\security\spring-security-config\6.4.2\spring-security-config-6.4.2.jar;C:\Users\hp\.m2\repository\org\springframework\security\spring-security-web\6.4.2\spring-security-web-6.4.2.jar;C:\Users\hp\.m2\repository\org\springframework\spring-expression\6.2.1\spring-expression-6.2.1.jar;C:\Users\hp\.m2\repository\com\amazonaws\aws-java-sdk\1.12.780\aws-java-sdk-1.12.780.jar;C:\Users\hp\.m2\repository\com\amazonaws\aws-java-sdk-qapps\1.12.780\aws-java-sdk-qapps-1.12.780.jar;C:\Users\hp\.m2\repository\com\amazonaws\jmespath-java\1.12.780\jmespath-java-1.12.780.jar;C:\Users\hp\.m2\repository\com\amazonaws\aws-java-sdk-apptest\1.12.780\aws-java-sdk-apptest-1.12.780.jar;C:\Users\hp\.m2\repository\com\amazonaws\aws-java-sdk-pcaconnectorscep\1.12.780\aws-java-sdk-pcaconnectorscep-1.12.780.jar;C:\Users\hp\.m2\repository\com\amazonaws\aws-java-sdk-applicationsignals\1.12.780\aws-java-sdk-applicationsignals-1.12.780.jar;C:\Users\hp\.m2\repository\com\amazonaws\aws-java-sdk-taxsettings\1.12.780\aws-java-sdk-taxsettings-1.12.780.jar;C:\Users\hp\.m2\repository\com\amazonaws\aws-java-sdk-mailmanager\1.12.780\aws-java-sdk-mailmanager-1.12.780.jar;C:\Users\hp\.m2\repository\com\amazonaws\aws-java-sdk-route53profiles\1.12.780\aws-java-sdk-route53profiles-1.12.780.jar;C:\Users\hp\.m2\repository\com\amazonaws\aws-java-sdk-controlcatalog\1.12.780\aws-java-sdk-controlcatalog-1.12.780.jar;C:\Users\hp\.m2\repository\com\amazonaws\aws-java-sdk-deadline\1.12.780\aws-java-sdk-deadline-1.12.780.jar;C:\Users\hp\.m2\repository\com\amazonaws\aws-java-sdk-codeconnections\1.12.780\aws-java-sdk-codeconnections-1.12.780.jar;C:\Users\hp\.m2\repository\com\amazonaws\aws-java-sdk-timestreaminfluxdb\1.12.780\aws-java-sdk-timestreaminfluxdb-1.12.780.jar;C:\Users\hp\.m2\repository\com\amazonaws\aws-java-sdk-chatbot\1.12.780\aws-java-sdk-chatbot-1.12.780.jar;C:\Users\hp\.m2\repository\com\amazonaws\aws-java-sdk-artifact\1.12.780\aws-java-sdk-artifact-1.12.780.jar;C:\Users\hp\.m2\repository\com\amazonaws\aws-java-sdk-supplychain\1.12.780\aws-java-sdk-supplychain-1.12.780.jar;C:\Users\hp\.m2\repository\com\amazonaws\aws-java-sdk-networkmonitor\1.12.780\aws-java-sdk-networkmonitor-1.12.780.jar;C:\Users\hp\.m2\repository\com\amazonaws\aws-java-sdk-marketplaceagreement\1.12.780\aws-java-sdk-marketplaceagreement-1.12.780.jar;C:\Users\hp\.m2\repository\com\amazonaws\aws-java-sdk-marketplacedeployment\1.12.780\aws-java-sdk-marketplacedeployment-1.12.780.jar;C:\Users\hp\.m2\repository\com\amazonaws\aws-java-sdk-cleanroomsml\1.12.780\aws-java-sdk-cleanroomsml-1.12.780.jar;C:\Users\hp\.m2\repository\com\amazonaws\aws-java-sdk-bedrockagent\1.12.780\aws-java-sdk-bedrockagent-1.12.780.jar;C:\Users\hp\.m2\repository\com\amazonaws\aws-java-sdk-qconnect\1.12.780\aws-java-sdk-qconnect-1.12.780.jar;C:\Users\hp\.m2\repository\com\amazonaws\aws-java-sdk-qbusiness\1.12.780\aws-java-sdk-qbusiness-1.12.780.jar;C:\Users\hp\.m2\repository\com\amazonaws\aws-java-sdk-bedrockagentruntime\1.12.780\aws-java-sdk-bedrockagentruntime-1.12.780.jar;C:\Users\hp\.m2\repository\com\amazonaws\aws-java-sdk-b2bi\1.12.780\aws-java-sdk-b2bi-1.12.780.jar;C:\Users\hp\.m2\repository\com\amazonaws\aws-java-sdk-workspacesthinclient\1.12.780\aws-java-sdk-workspacesthinclient-1.12.780.jar;C:\Users\hp\.m2\repository\com\amazonaws\aws-java-sdk-eksauth\1.12.780\aws-java-sdk-eksauth-1.12.780.jar;C:\Users\hp\.m2\repository\com\amazonaws\aws-java-sdk-freetier\1.12.780\aws-java-sdk-freetier-1.12.780.jar;C:\Users\hp\.m2\repository\com\amazonaws\aws-java-sdk-bcmdataexports\1.12.780\aws-java-sdk-bcmdataexports-1.12.780.jar;C:\Users\hp\.m2\repository\com\amazonaws\aws-java-sdk-repostspace\1.12.780\aws-java-sdk-repostspace-1.12.780.jar;C:\Users\hp\.m2\repository\com\amazonaws\aws-java-sdk-costoptimizationhub\1.12.780\aws-java-sdk-costoptimizationhub-1.12.780.jar;C:\Users\hp\.m2\repository\com\amazonaws\aws-java-sdk-inspectorscan\1.12.780\aws-java-sdk-inspectorscan-1.12.780.jar;C:\Users\hp\.m2\repository\com\amazonaws\aws-java-sdk-trustedadvisor\1.12.780\aws-java-sdk-trustedadvisor-1.12.780.jar;C:\Users\hp\.m2\repository\com\amazonaws\aws-java-sdk-launchwizard\1.12.780\aws-java-sdk-launchwizard-1.12.780.jar;C:\Users\hp\.m2\repository\com\amazonaws\aws-java-sdk-datazoneexternal\1.12.780\aws-java-sdk-datazoneexternal-1.12.780.jar;C:\Users\hp\.m2\repository\com\amazonaws\aws-java-sdk-bedrock\1.12.780\aws-java-sdk-bedrock-1.12.780.jar;C:\Users\hp\.m2\repository\com\amazonaws\aws-java-sdk-bedrockruntime\1.12.780\aws-java-sdk-bedrockruntime-1.12.780.jar;C:\Users\hp\.m2\repository\com\amazonaws\aws-java-sdk-neptunedata\1.12.780\aws-java-sdk-neptunedata-1.12.780.jar;C:\Users\hp\.m2\repository\com\amazonaws\aws-java-sdk-pcaconnectorad\1.12.780\aws-java-sdk-pcaconnectorad-1.12.780.jar;C:\Users\hp\.m2\repository\com\amazonaws\aws-java-sdk-managedblockchainquery\1.12.780\aws-java-sdk-managedblockchainquery-1.12.780.jar;C:\Users\hp\.m2\repository\com\amazonaws\aws-java-sdk-entityresolution\1.12.780\aws-java-sdk-entityresolution-1.12.780.jar;C:\Users\hp\.m2\repository\com\amazonaws\aws-java-sdk-medicalimaging\1.12.780\aws-java-sdk-medicalimaging-1.12.780.jar;C:\Users\hp\.m2\repository\com\amazonaws\aws-java-sdk-appfabric\1.12.780\aws-java-sdk-appfabric-1.12.780.jar;C:\Users\hp\.m2\repository\com\amazonaws\aws-java-sdk-verifiedpermissions\1.12.780\aws-java-sdk-verifiedpermissions-1.12.780.jar;C:\Users\hp\.m2\repository\com\amazonaws\aws-java-sdk-codegurusecurity\1.12.780\aws-java-sdk-codegurusecurity-1.12.780.jar;C:\Users\hp\.m2\repository\com\amazonaws\aws-java-sdk-paymentcryptography\1.12.780\aws-java-sdk-paymentcryptography-1.12.780.jar;C:\Users\hp\.m2\repository\com\amazonaws\aws-java-sdk-paymentcryptographydata\1.12.780\aws-java-sdk-paymentcryptographydata-1.12.780.jar;C:\Users\hp\.m2\repository\com\amazonaws\aws-java-sdk-mediapackagev2\1.12.780\aws-java-sdk-mediapackagev2-1.12.780.jar;C:\Users\hp\.m2\repository\com\amazonaws\aws-java-sdk-osis\1.12.780\aws-java-sdk-osis-1.12.780.jar;C:\Users\hp\.m2\repository\com\amazonaws\aws-java-sdk-vpclattice\1.12.780\aws-java-sdk-vpclattice-1.12.780.jar;C:\Users\hp\.m2\repository\com\amazonaws\aws-java-sdk-ivsrealtime\1.12.780\aws-java-sdk-ivsrealtime-1.12.780.jar;C:\Users\hp\.m2\repository\com\amazonaws\aws-java-sdk-internetmonitor\1.12.780\aws-java-sdk-internetmonitor-1.12.780.jar;C:\Users\hp\.m2\repository\com\amazonaws\aws-java-sdk-tnb\1.12.780\aws-java-sdk-tnb-1.12.780.jar;C:\Users\hp\.m2\repository\com\amazonaws\aws-java-sdk-cloudtraildata\1.12.780\aws-java-sdk-cloudtraildata-1.12.780.jar;C:\Users\hp\.m2\repository\com\amazonaws\aws-java-sdk-cleanrooms\1.12.780\aws-java-sdk-cleanrooms-1.12.780.jar;C:\Users\hp\.m2\repository\com\amazonaws\aws-java-sdk-kendraranking\1.12.780\aws-java-sdk-kendraranking-1.12.780.jar;C:\Users\hp\.m2\repository\com\amazonaws\aws-java-sdk-licensemanagerlinuxsubscriptions\1.12.780\aws-java-sdk-licensemanagerlinuxsubscriptions-1.12.780.jar;C:\Users\hp\.m2\repository\com\amazonaws\aws-java-sdk-kinesisvideowebrtcstorage\1.12.780\aws-java-sdk-kinesisvideowebrtcstorage-1.12.780.jar;C:\Users\hp\.m2\repository\com\amazonaws\aws-java-sdk-sagemakermetrics\1.12.780\aws-java-sdk-sagemakermetrics-1.12.780.jar;C:\Users\hp\.m2\repository\com\amazonaws\aws-java-sdk-pipes\1.12.780\aws-java-sdk-pipes-1.12.780.jar;C:\Users\hp\.m2\repository\com\amazonaws\aws-java-sdk-sagemakergeospatial\1.12.780\aws-java-sdk-sagemakergeospatial-1.12.780.jar;C:\Users\hp\.m2\repository\com\amazonaws\aws-java-sdk-docdbelastic\1.12.780\aws-java-sdk-docdbelastic-1.12.780.jar;C:\Users\hp\.m2\repository\com\amazonaws\aws-java-sdk-omics\1.12.780\aws-java-sdk-omics-1.12.780.jar;C:\Users\hp\.m2\repository\com\amazonaws\aws-java-sdk-opensearchserverless\1.12.780\aws-java-sdk-opensearchserverless-1.12.780.jar;C:\Users\hp\.m2\repository\com\amazonaws\aws-java-sdk-securitylake\1.12.780\aws-java-sdk-securitylake-1.12.780.jar;C:\Users\hp\.m2\repository\com\amazonaws\aws-java-sdk-simspaceweaver\1.12.780\aws-java-sdk-simspaceweaver-1.12.780.jar;C:\Users\hp\.m2\repository\com\amazonaws\aws-java-sdk-arczonalshift\1.12.780\aws-java-sdk-arczonalshift-1.12.780.jar;C:\Users\hp\.m2\repository\com\amazonaws\aws-java-sdk-oam\1.12.780\aws-java-sdk-oam-1.12.780.jar;C:\Users\hp\.m2\repository\com\amazonaws\aws-java-sdk-chimesdkvoice\1.12.780\aws-java-sdk-chimesdkvoice-1.12.780.jar;C:\Users\hp\.m2\repository\com\amazonaws\aws-java-sdk-ssmsap\1.12.780\aws-java-sdk-ssmsap-1.12.780.jar;C:\Users\hp\.m2\repository\com\amazonaws\aws-java-sdk-scheduler\1.12.780\aws-java-sdk-scheduler-1.12.780.jar;C:\Users\hp\.m2\repository\com\amazonaws\aws-java-sdk-resourceexplorer2\1.12.780\aws-java-sdk-resourceexplorer2-1.12.780.jar;C:\Users\hp\.m2\repository\com\amazonaws\aws-java-sdk-connectcases\1.12.780\aws-java-sdk-connectcases-1.12.780.jar;C:\Users\hp\.m2\repository\com\amazonaws\aws-java-sdk-migrationhuborchestrator\1.12.780\aws-java-sdk-migrationhuborchestrator-1.12.780.jar;C:\Users\hp\.m2\repository\com\amazonaws\aws-java-sdk-iotfleetwise\1.12.780\aws-java-sdk-iotfleetwise-1.12.780.jar;C:\Users\hp\.m2\repository\com\amazonaws\aws-java-sdk-controltower\1.12.780\aws-java-sdk-controltower-1.12.780.jar;C:\Users\hp\.m2\repository\com\amazonaws\aws-java-sdk-supportapp\1.12.780\aws-java-sdk-supportapp-1.12.780.jar;C:\Users\hp\.m2\repository\com\amazonaws\aws-java-sdk-private5g\1.12.780\aws-java-sdk-private5g-1.12.780.jar;C:\Users\hp\.m2\repository\com\amazonaws\aws-java-sdk-licensemanagerusersubscriptions\1.12.780\aws-java-sdk-licensemanagerusersubscriptions-1.12.780.jar;C:\Users\hp\.m2\repository\com\amazonaws\aws-java-sdk-iamrolesanywhere\1.12.780\aws-java-sdk-iamrolesanywhere-1.12.780.jar;C:\Users\hp\.m2\repository\com\amazonaws\aws-java-sdk-redshiftserverless\1.12.780\aws-java-sdk-redshiftserverless-1.12.780.jar;C:\Users\hp\.m2\repository\com\amazonaws\aws-java-sdk-connectcampaign\1.12.780\aws-java-sdk-connectcampaign-1.12.780.jar;C:\Users\hp\.m2\repository\com\amazonaws\aws-java-sdk-mainframemodernization\1.12.780\aws-java-sdk-mainframemodernization-1.12.780.jar;C:\Users\hp\.m2\repository\com\amazonaws\aws-java-sdk-emrserverless\1.12.780\aws-java-sdk-emrserverless-1.12.780.jar;C:\Users\hp\.m2\repository\com\amazonaws\aws-java-sdk-chimesdkmediapipelines\1.12.780\aws-java-sdk-chimesdkmediapipelines-1.12.780.jar;C:\Users\hp\.m2\repository\com\amazonaws\aws-java-sdk-ivschat\1.12.780\aws-java-sdk-ivschat-1.12.780.jar;C:\Users\hp\.m2\repository\com\amazonaws\aws-java-sdk-pinpointsmsvoicev2\1.12.780\aws-java-sdk-pinpointsmsvoicev2-1.12.780.jar;C:\Users\hp\.m2\repository\com\amazonaws\aws-java-sdk-billingconductor\1.12.780\aws-java-sdk-billingconductor-1.12.780.jar;C:\Users\hp\.m2\repository\com\amazonaws\aws-java-sdk-keyspaces\1.12.780\aws-java-sdk-keyspaces-1.12.780.jar;C:\Users\hp\.m2\repository\com\amazonaws\aws-java-sdk-amplifyuibuilder\1.12.780\aws-java-sdk-amplifyuibuilder-1.12.780.jar;C:\Users\hp\.m2\repository\com\amazonaws\aws-java-sdk-backupgateway\1.12.780\aws-java-sdk-backupgateway-1.12.780.jar;C:\Users\hp\.m2\repository\com\amazonaws\aws-java-sdk-workspacesweb\1.12.780\aws-java-sdk-workspacesweb-1.12.780.jar;C:\Users\hp\.m2\repository\com\amazonaws\aws-java-sdk-iottwinmaker\1.12.780\aws-java-sdk-iottwinmaker-1.12.780.jar;C:\Users\hp\.m2\repository\com\amazonaws\aws-java-sdk-recyclebin\1.12.780\aws-java-sdk-recyclebin-1.12.780.jar;C:\Users\hp\.m2\repository\com\amazonaws\aws-java-sdk-cloudwatchrum\1.12.780\aws-java-sdk-cloudwatchrum-1.12.780.jar;C:\Users\hp\.m2\repository\com\amazonaws\aws-java-sdk-cloudwatchevidently\1.12.780\aws-java-sdk-cloudwatchevidently-1.12.780.jar;C:\Users\hp\.m2\repository\com\amazonaws\aws-java-sdk-inspector2\1.12.780\aws-java-sdk-inspector2-1.12.780.jar;C:\Users\hp\.m2\repository\com\amazonaws\aws-java-sdk-migrationhubrefactorspaces\1.12.780\aws-java-sdk-migrationhubrefactorspaces-1.12.780.jar;C:\Users\hp\.m2\repository\com\amazonaws\aws-java-sdk-appconfigdata\1.12.780\aws-java-sdk-appconfigdata-1.12.780.jar;C:\Users\hp\.m2\repository\com\amazonaws\aws-java-sdk-drs\1.12.780\aws-java-sdk-drs-1.12.780.jar;C:\Users\hp\.m2\repository\com\amazonaws\aws-java-sdk-migrationhubstrategyrecommendations\1.12.780\aws-java-sdk-migrationhubstrategyrecommendations-1.12.780.jar;C:\Users\hp\.m2\repository\com\amazonaws\aws-java-sdk-resiliencehub\1.12.780\aws-java-sdk-resiliencehub-1.12.780.jar;C:\Users\hp\.m2\repository\com\amazonaws\aws-java-sdk-chimesdkmeetings\1.12.780\aws-java-sdk-chimesdkmeetings-1.12.780.jar;C:\Users\hp\.m2\repository\com\amazonaws\aws-java-sdk-panorama\1.12.780\aws-java-sdk-panorama-1.12.780.jar;C:\Users\hp\.m2\repository\com\amazonaws\aws-java-sdk-managedgrafana\1.12.780\aws-java-sdk-managedgrafana-1.12.780.jar;C:\Users\hp\.m2\repository\com\amazonaws\aws-java-sdk-cloudcontrolapi\1.12.780\aws-java-sdk-cloudcontrolapi-1.12.780.jar;C:\Users\hp\.m2\repository\com\amazonaws\aws-java-sdk-account\1.12.780\aws-java-sdk-account-1.12.780.jar;C:\Users\hp\.m2\repository\com\amazonaws\aws-java-sdk-voiceid\1.12.780\aws-java-sdk-voiceid-1.12.780.jar;C:\Users\hp\.m2\repository\com\amazonaws\aws-java-sdk-connectwisdom\1.12.780\aws-java-sdk-connectwisdom-1.12.780.jar;C:\Users\hp\.m2\repository\com\amazonaws\aws-java-sdk-kafkaconnect\1.12.780\aws-java-sdk-kafkaconnect-1.12.780.jar;C:\Users\hp\.m2\repository\com\amazonaws\aws-java-sdk-opensearch\1.12.780\aws-java-sdk-opensearch-1.12.780.jar;C:\Users\hp\.m2\repository\com\amazonaws\aws-java-sdk-memorydb\1.12.780\aws-java-sdk-memorydb-1.12.780.jar;C:\Users\hp\.m2\repository\com\amazonaws\aws-java-sdk-snowdevicemanagement\1.12.780\aws-java-sdk-snowdevicemanagement-1.12.780.jar;C:\Users\hp\.m2\repository\com\amazonaws\aws-java-sdk-chimesdkidentity\1.12.780\aws-java-sdk-chimesdkidentity-1.12.780.jar;C:\Users\hp\.m2\repository\com\amazonaws\aws-java-sdk-chimesdkmessaging\1.12.780\aws-java-sdk-chimesdkmessaging-1.12.780.jar;C:\Users\hp\.m2\repository\com\amazonaws\aws-java-sdk-route53recoverycluster\1.12.780\aws-java-sdk-route53recoverycluster-1.12.780.jar;C:\Users\hp\.m2\repository\com\amazonaws\aws-java-sdk-route53recoverycontrolconfig\1.12.780\aws-java-sdk-route53recoverycontrolconfig-1.12.780.jar;C:\Users\hp\.m2\repository\com\amazonaws\aws-java-sdk-route53recoveryreadiness\1.12.780\aws-java-sdk-route53recoveryreadiness-1.12.780.jar;C:\Users\hp\.m2\repository\com\amazonaws\aws-java-sdk-proton\1.12.780\aws-java-sdk-proton-1.12.780.jar;C:\Users\hp\.m2\repository\com\amazonaws\aws-java-sdk-apprunner\1.12.780\aws-java-sdk-apprunner-1.12.780.jar;C:\Users\hp\.m2\repository\com\amazonaws\aws-java-sdk-applicationcostprofiler\1.12.780\aws-java-sdk-applicationcostprofiler-1.12.780.jar;C:\Users\hp\.m2\repository\com\amazonaws\aws-java-sdk-ssmcontacts\1.12.780\aws-java-sdk-ssmcontacts-1.12.780.jar;C:\Users\hp\.m2\repository\com\amazonaws\aws-java-sdk-ssmincidents\1.12.780\aws-java-sdk-ssmincidents-1.12.780.jar;C:\Users\hp\.m2\repository\com\amazonaws\aws-java-sdk-finspacedata\1.12.780\aws-java-sdk-finspacedata-1.12.780.jar;C:\Users\hp\.m2\repository\com\amazonaws\aws-java-sdk-finspace\1.12.780\aws-java-sdk-finspace-1.12.780.jar;C:\Users\hp\.m2\repository\com\amazonaws\aws-java-sdk-nimblestudio\1.12.780\aws-java-sdk-nimblestudio-1.12.780.jar;C:\Users\hp\.m2\repository\com\amazonaws\aws-java-sdk-lookoutequipment\1.12.780\aws-java-sdk-lookoutequipment-1.12.780.jar;C:\Users\hp\.m2\repository\com\amazonaws\aws-java-sdk-mgn\1.12.780\aws-java-sdk-mgn-1.12.780.jar;C:\Users\hp\.m2\repository\com\amazonaws\aws-java-sdk-lookoutmetrics\1.12.780\aws-java-sdk-lookoutmetrics-1.12.780.jar;C:\Users\hp\.m2\repository\com\amazonaws\aws-java-sdk-fis\1.12.780\aws-java-sdk-fis-1.12.780.jar;C:\Users\hp\.m2\repository\com\amazonaws\aws-java-sdk-lexmodelsv2\1.12.780\aws-java-sdk-lexmodelsv2-1.12.780.jar;C:\Users\hp\.m2\repository\com\amazonaws\aws-java-sdk-lexruntimev2\1.12.780\aws-java-sdk-lexruntimev2-1.12.780.jar;C:\Users\hp\.m2\repository\com\amazonaws\aws-java-sdk-wellarchitected\1.12.780\aws-java-sdk-wellarchitected-1.12.780.jar;C:\Users\hp\.m2\repository\com\amazonaws\aws-java-sdk-location\1.12.780\aws-java-sdk-location-1.12.780.jar;C:\Users\hp\.m2\repository\com\amazonaws\aws-java-sdk-iotdeviceadvisor\1.12.780\aws-java-sdk-iotdeviceadvisor-1.12.780.jar;C:\Users\hp\.m2\repository\com\amazonaws\aws-java-sdk-iotfleethub\1.12.780\aws-java-sdk-iotfleethub-1.12.780.jar;C:\Users\hp\.m2\repository\com\amazonaws\aws-java-sdk-iotwireless\1.12.780\aws-java-sdk-iotwireless-1.12.780.jar;C:\Users\hp\.m2\repository\com\amazonaws\aws-java-sdk-greengrassv2\1.12.780\aws-java-sdk-greengrassv2-1.12.780.jar;C:\Users\hp\.m2\repository\com\amazonaws\aws-java-sdk-prometheus\1.12.780\aws-java-sdk-prometheus-1.12.780.jar;C:\Users\hp\.m2\repository\com\amazonaws\aws-java-sdk-auditmanager\1.12.780\aws-java-sdk-auditmanager-1.12.780.jar;C:\Users\hp\.m2\repository\com\amazonaws\aws-java-sdk-healthlake\1.12.780\aws-java-sdk-healthlake-1.12.780.jar;C:\Users\hp\.m2\repository\com\amazonaws\aws-java-sdk-sagemakeredgemanager\1.12.780\aws-java-sdk-sagemakeredgemanager-1.12.780.jar;C:\Users\hp\.m2\repository\com\amazonaws\aws-java-sdk-emrcontainers\1.12.780\aws-java-sdk-emrcontainers-1.12.780.jar;C:\Users\hp\.m2\repository\com\amazonaws\aws-java-sdk-customerprofiles\1.12.780\aws-java-sdk-customerprofiles-1.12.780.jar;C:\Users\hp\.m2\repository\com\amazonaws\aws-java-sdk-lookoutforvision\1.12.780\aws-java-sdk-lookoutforvision-1.12.780.jar;C:\Users\hp\.m2\repository\com\amazonaws\aws-java-sdk-connectcontactlens\1.12.780\aws-java-sdk-connectcontactlens-1.12.780.jar;C:\Users\hp\.m2\repository\com\amazonaws\aws-java-sdk-amplifybackend\1.12.780\aws-java-sdk-amplifybackend-1.12.780.jar;C:\Users\hp\.m2\repository\com\amazonaws\aws-java-sdk-ecrpublic\1.12.780\aws-java-sdk-ecrpublic-1.12.780.jar;C:\Users\hp\.m2\repository\com\amazonaws\aws-java-sdk-appintegrations\1.12.780\aws-java-sdk-appintegrations-1.12.780.jar;C:\Users\hp\.m2\repository\com\amazonaws\aws-java-sdk-sagemakerfeaturestoreruntime\1.12.780\aws-java-sdk-sagemakerfeaturestoreruntime-1.12.780.jar;C:\Users\hp\.m2\repository\com\amazonaws\aws-java-sdk-devopsguru\1.12.780\aws-java-sdk-devopsguru-1.12.780.jar;C:\Users\hp\.m2\repository\com\amazonaws\aws-java-sdk-mwaa\1.12.780\aws-java-sdk-mwaa-1.12.780.jar;C:\Users\hp\.m2\repository\com\amazonaws\aws-java-sdk-networkfirewall\1.12.780\aws-java-sdk-networkfirewall-1.12.780.jar;C:\Users\hp\.m2\repository\com\amazonaws\aws-java-sdk-appregistry\1.12.780\aws-java-sdk-appregistry-1.12.780.jar;C:\Users\hp\.m2\repository\com\amazonaws\aws-java-sdk-gluedatabrew\1.12.780\aws-java-sdk-gluedatabrew-1.12.780.jar;C:\Users\hp\.m2\repository\com\amazonaws\aws-java-sdk-s3outposts\1.12.780\aws-java-sdk-s3outposts-1.12.780.jar;C:\Users\hp\.m2\repository\com\amazonaws\aws-java-sdk-timestreamquery\1.12.780\aws-java-sdk-timestreamquery-1.12.780.jar;C:\Users\hp\.m2\repository\com\amazonaws\aws-java-sdk-timestreamwrite\1.12.780\aws-java-sdk-timestreamwrite-1.12.780.jar;C:\Users\hp\.m2\repository\com\amazonaws\aws-java-sdk-ssoadmin\1.12.780\aws-java-sdk-ssoadmin-1.12.780.jar;C:\Users\hp\.m2\repository\com\amazonaws\aws-java-sdk-redshiftdataapi\1.12.780\aws-java-sdk-redshiftdataapi-1.12.780.jar;C:\Users\hp\.m2\repository\com\amazonaws\aws-java-sdk-appflow\1.12.780\aws-java-sdk-appflow-1.12.780.jar;C:\Users\hp\.m2\repository\com\amazonaws\aws-java-sdk-identitystore\1.12.780\aws-java-sdk-identitystore-1.12.780.jar;C:\Users\hp\.m2\repository\com\amazonaws\aws-java-sdk-braket\1.12.780\aws-java-sdk-braket-1.12.780.jar;C:\Users\hp\.m2\repository\com\amazonaws\aws-java-sdk-ivs\1.12.780\aws-java-sdk-ivs-1.12.780.jar;C:\Users\hp\.m2\repository\com\amazonaws\aws-java-sdk-codeartifact\1.12.780\aws-java-sdk-codeartifact-1.12.780.jar;C:\Users\hp\.m2\repository\com\amazonaws\aws-java-sdk-macie2\1.12.780\aws-java-sdk-macie2-1.12.780.jar;C:\Users\hp\.m2\repository\com\amazonaws\aws-java-sdk-iotsitewise\1.12.780\aws-java-sdk-iotsitewise-1.12.780.jar;C:\Users\hp\.m2\repository\com\amazonaws\aws-java-sdk-synthetics\1.12.780\aws-java-sdk-synthetics-1.12.780.jar;C:\Users\hp\.m2\repository\com\amazonaws\aws-java-sdk-codestarconnections\1.12.780\aws-java-sdk-codestarconnections-1.12.780.jar;C:\Users\hp\.m2\repository\com\amazonaws\aws-java-sdk-detective\1.12.780\aws-java-sdk-detective-1.12.780.jar;C:\Users\hp\.m2\repository\com\amazonaws\aws-java-sdk-kinesisvideosignalingchannels\1.12.780\aws-java-sdk-kinesisvideosignalingchannels-1.12.780.jar;C:\Users\hp\.m2\repository\com\amazonaws\aws-java-sdk-ebs\1.12.780\aws-java-sdk-ebs-1.12.780.jar;C:\Users\hp\.m2\repository\com\amazonaws\aws-java-sdk-augmentedairuntime\1.12.780\aws-java-sdk-augmentedairuntime-1.12.780.jar;C:\Users\hp\.m2\repository\com\amazonaws\aws-java-sdk-outposts\1.12.780\aws-java-sdk-outposts-1.12.780.jar;C:\Users\hp\.m2\repository\com\amazonaws\aws-java-sdk-codeguruprofiler\1.12.780\aws-java-sdk-codeguruprofiler-1.12.780.jar;C:\Users\hp\.m2\repository\com\amazonaws\aws-java-sdk-codegurureviewer\1.12.780\aws-java-sdk-codegurureviewer-1.12.780.jar;C:\Users\hp\.m2\repository\com\amazonaws\aws-java-sdk-frauddetector\1.12.780\aws-java-sdk-frauddetector-1.12.780.jar;C:\Users\hp\.m2\repository\com\amazonaws\aws-java-sdk-kendra\1.12.780\aws-java-sdk-kendra-1.12.780.jar;C:\Users\hp\.m2\repository\com\amazonaws\aws-java-sdk-networkmanager\1.12.780\aws-java-sdk-networkmanager-1.12.780.jar;C:\Users\hp\.m2\repository\com\amazonaws\aws-java-sdk-computeoptimizer\1.12.780\aws-java-sdk-computeoptimizer-1.12.780.jar;C:\Users\hp\.m2\repository\com\amazonaws\aws-java-sdk-accessanalyzer\1.12.780\aws-java-sdk-accessanalyzer-1.12.780.jar;C:\Users\hp\.m2\repository\com\amazonaws\aws-java-sdk-schemas\1.12.780\aws-java-sdk-schemas-1.12.780.jar;C:\Users\hp\.m2\repository\com\amazonaws\aws-java-sdk-imagebuilder\1.12.780\aws-java-sdk-imagebuilder-1.12.780.jar;C:\Users\hp\.m2\repository\com\amazonaws\aws-java-sdk-elasticinference\1.12.780\aws-java-sdk-elasticinference-1.12.780.jar;C:\Users\hp\.m2\repository\com\amazonaws\aws-java-sdk-iotsecuretunneling\1.12.780\aws-java-sdk-iotsecuretunneling-1.12.780.jar;C:\Users\hp\.m2\repository\com\amazonaws\aws-java-sdk-appconfig\1.12.780\aws-java-sdk-appconfig-1.12.780.jar;C:\Users\hp\.m2\repository\com\amazonaws\aws-java-sdk-wafv2\1.12.780\aws-java-sdk-wafv2-1.12.780.jar;C:\Users\hp\.m2\repository\com\amazonaws\aws-java-sdk-connectparticipant\1.12.780\aws-java-sdk-connectparticipant-1.12.780.jar;C:\Users\hp\.m2\repository\com\amazonaws\aws-java-sdk-migrationhubconfig\1.12.780\aws-java-sdk-migrationhubconfig-1.12.780.jar;C:\Users\hp\.m2\repository\com\amazonaws\aws-java-sdk-dataexchange\1.12.780\aws-java-sdk-dataexchange-1.12.780.jar;C:\Users\hp\.m2\repository\com\amazonaws\aws-java-sdk-sesv2\1.12.780\aws-java-sdk-sesv2-1.12.780.jar;C:\Users\hp\.m2\repository\com\amazonaws\aws-java-sdk-marketplacecatalog\1.12.780\aws-java-sdk-marketplacecatalog-1.12.780.jar;C:\Users\hp\.m2\repository\com\amazonaws\aws-java-sdk-ssooidc\1.12.780\aws-java-sdk-ssooidc-1.12.780.jar;C:\Users\hp\.m2\repository\com\amazonaws\aws-java-sdk-sso\1.12.780\aws-java-sdk-sso-1.12.780.jar;C:\Users\hp\.m2\repository\com\amazonaws\aws-java-sdk-savingsplans\1.12.780\aws-java-sdk-savingsplans-1.12.780.jar;C:\Users\hp\.m2\repository\com\amazonaws\aws-java-sdk-codestarnotifications\1.12.780\aws-java-sdk-codestarnotifications-1.12.780.jar;C:\Users\hp\.m2\repository\com\amazonaws\aws-java-sdk-workmailmessageflow\1.12.780\aws-java-sdk-workmailmessageflow-1.12.780.jar;C:\Users\hp\.m2\repository\com\amazonaws\aws-java-sdk-qldbsession\1.12.780\aws-java-sdk-qldbsession-1.12.780.jar;C:\Users\hp\.m2\repository\com\amazonaws\aws-java-sdk-qldb\1.12.780\aws-java-sdk-qldb-1.12.780.jar;C:\Users\hp\.m2\repository\com\amazonaws\aws-java-sdk-forecastquery\1.12.780\aws-java-sdk-forecastquery-1.12.780.jar;C:\Users\hp\.m2\repository\com\amazonaws\aws-java-sdk-forecast\1.12.780\aws-java-sdk-forecast-1.12.780.jar;C:\Users\hp\.m2\repository\com\amazonaws\aws-java-sdk-lakeformation\1.12.780\aws-java-sdk-lakeformation-1.12.780.jar;C:\Users\hp\.m2\repository\com\amazonaws\aws-java-sdk-eventbridge\1.12.780\aws-java-sdk-eventbridge-1.12.780.jar;C:\Users\hp\.m2\repository\com\amazonaws\aws-java-sdk-ec2instanceconnect\1.12.780\aws-java-sdk-ec2instanceconnect-1.12.780.jar;C:\Users\hp\.m2\repository\com\amazonaws\aws-java-sdk-applicationinsights\1.12.780\aws-java-sdk-applicationinsights-1.12.780.jar;C:\Users\hp\.m2\repository\com\amazonaws\aws-java-sdk-servicequotas\1.12.780\aws-java-sdk-servicequotas-1.12.780.jar;C:\Users\hp\.m2\repository\com\amazonaws\aws-java-sdk-personalizeevents\1.12.780\aws-java-sdk-personalizeevents-1.12.780.jar;C:\Users\hp\.m2\repository\com\amazonaws\aws-java-sdk-personalize\1.12.780\aws-java-sdk-personalize-1.12.780.jar;C:\Users\hp\.m2\repository\com\amazonaws\aws-java-sdk-personalizeruntime\1.12.780\aws-java-sdk-personalizeruntime-1.12.780.jar;C:\Users\hp\.m2\repository\com\amazonaws\aws-java-sdk-ioteventsdata\1.12.780\aws-java-sdk-ioteventsdata-1.12.780.jar;C:\Users\hp\.m2\repository\com\amazonaws\aws-java-sdk-iotevents\1.12.780\aws-java-sdk-iotevents-1.12.780.jar;C:\Users\hp\.m2\repository\com\amazonaws\aws-java-sdk-iotthingsgraph\1.12.780\aws-java-sdk-iotthingsgraph-1.12.780.jar;C:\Users\hp\.m2\repository\com\amazonaws\aws-java-sdk-groundstation\1.12.780\aws-java-sdk-groundstation-1.12.780.jar;C:\Users\hp\.m2\repository\com\amazonaws\aws-java-sdk-mediapackagevod\1.12.780\aws-java-sdk-mediapackagevod-1.12.780.jar;C:\Users\hp\.m2\repository\com\amazonaws\aws-java-sdk-managedblockchain\1.12.780\aws-java-sdk-managedblockchain-1.12.780.jar;C:\Users\hp\.m2\repository\com\amazonaws\aws-java-sdk-textract\1.12.780\aws-java-sdk-textract-1.12.780.jar;C:\Users\hp\.m2\repository\com\amazonaws\aws-java-sdk-worklink\1.12.780\aws-java-sdk-worklink-1.12.780.jar;C:\Users\hp\.m2\repository\com\amazonaws\aws-java-sdk-backup\1.12.780\aws-java-sdk-backup-1.12.780.jar;C:\Users\hp\.m2\repository\com\amazonaws\aws-java-sdk-docdb\1.12.780\aws-java-sdk-docdb-1.12.780.jar;C:\Users\hp\.m2\repository\com\amazonaws\aws-java-sdk-apigatewayv2\1.12.780\aws-java-sdk-apigatewayv2-1.12.780.jar;C:\Users\hp\.m2\repository\com\amazonaws\aws-java-sdk-apigatewaymanagementapi\1.12.780\aws-java-sdk-apigatewaymanagementapi-1.12.780.jar;C:\Users\hp\.m2\repository\com\amazonaws\aws-java-sdk-kafka\1.12.780\aws-java-sdk-kafka-1.12.780.jar;C:\Users\hp\.m2\repository\com\amazonaws\aws-java-sdk-appmesh\1.12.780\aws-java-sdk-appmesh-1.12.780.jar;C:\Users\hp\.m2\repository\com\amazonaws\aws-java-sdk-licensemanager\1.12.780\aws-java-sdk-licensemanager-1.12.780.jar;C:\Users\hp\.m2\repository\com\amazonaws\aws-java-sdk-securityhub\1.12.780\aws-java-sdk-securityhub-1.12.780.jar;C:\Users\hp\.m2\repository\com\amazonaws\aws-java-sdk-fsx\1.12.780\aws-java-sdk-fsx-1.12.780.jar;C:\Users\hp\.m2\repository\com\amazonaws\aws-java-sdk-mediaconnect\1.12.780\aws-java-sdk-mediaconnect-1.12.780.jar;C:\Users\hp\.m2\repository\com\amazonaws\aws-java-sdk-kinesisanalyticsv2\1.12.780\aws-java-sdk-kinesisanalyticsv2-1.12.780.jar;C:\Users\hp\.m2\repository\com\amazonaws\aws-java-sdk-comprehendmedical\1.12.780\aws-java-sdk-comprehendmedical-1.12.780.jar;C:\Users\hp\.m2\repository\com\amazonaws\aws-java-sdk-globalaccelerator\1.12.780\aws-java-sdk-globalaccelerator-1.12.780.jar;C:\Users\hp\.m2\repository\com\amazonaws\aws-java-sdk-transfer\1.12.780\aws-java-sdk-transfer-1.12.780.jar;C:\Users\hp\.m2\repository\com\amazonaws\aws-java-sdk-datasync\1.12.780\aws-java-sdk-datasync-1.12.780.jar;C:\Users\hp\.m2\repository\com\amazonaws\aws-java-sdk-robomaker\1.12.780\aws-java-sdk-robomaker-1.12.780.jar;C:\Users\hp\.m2\repository\com\amazonaws\aws-java-sdk-amplify\1.12.780\aws-java-sdk-amplify-1.12.780.jar;C:\Users\hp\.m2\repository\com\amazonaws\aws-java-sdk-quicksight\1.12.780\aws-java-sdk-quicksight-1.12.780.jar;C:\Users\hp\.m2\repository\com\amazonaws\aws-java-sdk-rdsdata\1.12.780\aws-java-sdk-rdsdata-1.12.780.jar;C:\Users\hp\.m2\repository\com\amazonaws\aws-java-sdk-route53resolver\1.12.780\aws-java-sdk-route53resolver-1.12.780.jar;C:\Users\hp\.m2\repository\com\amazonaws\aws-java-sdk-ram\1.12.780\aws-java-sdk-ram-1.12.780.jar;C:\Users\hp\.m2\repository\com\amazonaws\aws-java-sdk-s3control\1.12.780\aws-java-sdk-s3control-1.12.780.jar;C:\Users\hp\.m2\repository\com\amazonaws\aws-java-sdk-pinpointsmsvoice\1.12.780\aws-java-sdk-pinpointsmsvoice-1.12.780.jar;C:\Users\hp\.m2\repository\com\amazonaws\aws-java-sdk-pinpointemail\1.12.780\aws-java-sdk-pinpointemail-1.12.780.jar;C:\Users\hp\.m2\repository\com\amazonaws\aws-java-sdk-chime\1.12.780\aws-java-sdk-chime-1.12.780.jar;C:\Users\hp\.m2\repository\com\amazonaws\aws-java-sdk-signer\1.12.780\aws-java-sdk-signer-1.12.780.jar;C:\Users\hp\.m2\repository\com\amazonaws\aws-java-sdk-dlm\1.12.780\aws-java-sdk-dlm-1.12.780.jar;C:\Users\hp\.m2\repository\com\amazonaws\aws-java-sdk-eks\1.12.780\aws-java-sdk-eks-1.12.780.jar;C:\Users\hp\.m2\repository\com\amazonaws\aws-java-sdk-mediatailor\1.12.780\aws-java-sdk-mediatailor-1.12.780.jar;C:\Users\hp\.m2\repository\com\amazonaws\aws-java-sdk-neptune\1.12.780\aws-java-sdk-neptune-1.12.780.jar;C:\Users\hp\.m2\repository\com\amazonaws\aws-java-sdk-pi\1.12.780\aws-java-sdk-pi-1.12.780.jar;C:\Users\hp\.m2\repository\com\amazonaws\aws-java-sdk-iot1clickprojects\1.12.780\aws-java-sdk-iot1clickprojects-1.12.780.jar;C:\Users\hp\.m2\repository\com\amazonaws\aws-java-sdk-iot1clickdevices\1.12.780\aws-java-sdk-iot1clickdevices-1.12.780.jar;C:\Users\hp\.m2\repository\com\amazonaws\aws-java-sdk-iotanalytics\1.12.780\aws-java-sdk-iotanalytics-1.12.780.jar;C:\Users\hp\.m2\repository\com\amazonaws\aws-java-sdk-acmpca\1.12.780\aws-java-sdk-acmpca-1.12.780.jar;C:\Users\hp\.m2\repository\com\amazonaws\aws-java-sdk-secretsmanager\1.12.780\aws-java-sdk-secretsmanager-1.12.780.jar;C:\Users\hp\.m2\repository\com\amazonaws\aws-java-sdk-fms\1.12.780\aws-java-sdk-fms-1.12.780.jar;C:\Users\hp\.m2\repository\com\amazonaws\aws-java-sdk-connect\1.12.780\aws-java-sdk-connect-1.12.780.jar;C:\Users\hp\.m2\repository\com\amazonaws\aws-java-sdk-transcribe\1.12.780\aws-java-sdk-transcribe-1.12.780.jar;C:\Users\hp\.m2\repository\com\amazonaws\aws-java-sdk-autoscalingplans\1.12.780\aws-java-sdk-autoscalingplans-1.12.780.jar;C:\Users\hp\.m2\repository\com\amazonaws\aws-java-sdk-workmail\1.12.780\aws-java-sdk-workmail-1.12.780.jar;C:\Users\hp\.m2\repository\com\amazonaws\aws-java-sdk-servicediscovery\1.12.780\aws-java-sdk-servicediscovery-1.12.780.jar;C:\Users\hp\.m2\repository\com\amazonaws\aws-java-sdk-cloud9\1.12.780\aws-java-sdk-cloud9-1.12.780.jar;C:\Users\hp\.m2\repository\com\amazonaws\aws-java-sdk-serverlessapplicationrepository\1.12.780\aws-java-sdk-serverlessapplicationrepository-1.12.780.jar;C:\Users\hp\.m2\repository\com\amazonaws\aws-java-sdk-resourcegroups\1.12.780\aws-java-sdk-resourcegroups-1.12.780.jar;C:\Users\hp\.m2\repository\com\amazonaws\aws-java-sdk-comprehend\1.12.780\aws-java-sdk-comprehend-1.12.780.jar;C:\Users\hp\.m2\repository\com\amazonaws\aws-java-sdk-translate\1.12.780\aws-java-sdk-translate-1.12.780.jar;C:\Users\hp\.m2\repository\com\amazonaws\aws-java-sdk-sagemaker\1.12.780\aws-java-sdk-sagemaker-1.12.780.jar;C:\Users\hp\.m2\repository\com\amazonaws\aws-java-sdk-iotjobsdataplane\1.12.780\aws-java-sdk-iotjobsdataplane-1.12.780.jar;C:\Users\hp\.m2\repository\com\amazonaws\aws-java-sdk-sagemakerruntime\1.12.780\aws-java-sdk-sagemakerruntime-1.12.780.jar;C:\Users\hp\.m2\repository\com\amazonaws\aws-java-sdk-kinesisvideo\1.12.780\aws-java-sdk-kinesisvideo-1.12.780.jar;C:\Users\hp\.m2\repository\io\netty\netty-codec-http\4.1.116.Final\netty-codec-http-4.1.116.Final.jar;C:\Users\hp\.m2\repository\io\netty\netty-common\4.1.116.Final\netty-common-4.1.116.Final.jar;C:\Users\hp\.m2\repository\io\netty\netty-buffer\4.1.116.Final\netty-buffer-4.1.116.Final.jar;C:\Users\hp\.m2\repository\io\netty\netty-transport\4.1.116.Final\netty-transport-4.1.116.Final.jar;C:\Users\hp\.m2\repository\io\netty\netty-codec\4.1.116.Final\netty-codec-4.1.116.Final.jar;C:\Users\hp\.m2\repository\io\netty\netty-handler\4.1.116.Final\netty-handler-4.1.116.Final.jar;C:\Users\hp\.m2\repository\io\netty\netty-resolver\4.1.116.Final\netty-resolver-4.1.116.Final.jar;C:\Users\hp\.m2\repository\io\netty\netty-transport-native-unix-common\4.1.116.Final\netty-transport-native-unix-common-4.1.116.Final.jar;C:\Users\hp\.m2\repository\com\amazonaws\aws-java-sdk-appsync\1.12.780\aws-java-sdk-appsync-1.12.780.jar;C:\Users\hp\.m2\repository\com\amazonaws\aws-java-sdk-guardduty\1.12.780\aws-java-sdk-guardduty-1.12.780.jar;C:\Users\hp\.m2\repository\com\amazonaws\aws-java-sdk-mq\1.12.780\aws-java-sdk-mq-1.12.780.jar;C:\Users\hp\.m2\repository\com\amazonaws\aws-java-sdk-mediaconvert\1.12.780\aws-java-sdk-mediaconvert-1.12.780.jar;C:\Users\hp\.m2\repository\com\amazonaws\aws-java-sdk-mediastore\1.12.780\aws-java-sdk-mediastore-1.12.780.jar;C:\Users\hp\.m2\repository\com\amazonaws\aws-java-sdk-mediastoredata\1.12.780\aws-java-sdk-mediastoredata-1.12.780.jar;C:\Users\hp\.m2\repository\com\amazonaws\aws-java-sdk-medialive\1.12.780\aws-java-sdk-medialive-1.12.780.jar;C:\Users\hp\.m2\repository\com\amazonaws\aws-java-sdk-mediapackage\1.12.780\aws-java-sdk-mediapackage-1.12.780.jar;C:\Users\hp\.m2\repository\com\amazonaws\aws-java-sdk-costexplorer\1.12.780\aws-java-sdk-costexplorer-1.12.780.jar;C:\Users\hp\.m2\repository\com\amazonaws\aws-java-sdk-pricing\1.12.780\aws-java-sdk-pricing-1.12.780.jar;C:\Users\hp\.m2\repository\com\amazonaws\aws-java-sdk-cloudhsmv2\1.12.780\aws-java-sdk-cloudhsmv2-1.12.780.jar;C:\Users\hp\.m2\repository\com\amazonaws\aws-java-sdk-glue\1.12.780\aws-java-sdk-glue-1.12.780.jar;C:\Users\hp\.m2\repository\com\amazonaws\aws-java-sdk-migrationhub\1.12.780\aws-java-sdk-migrationhub-1.12.780.jar;C:\Users\hp\.m2\repository\com\amazonaws\aws-java-sdk-dax\1.12.780\aws-java-sdk-dax-1.12.780.jar;C:\Users\hp\.m2\repository\com\amazonaws\aws-java-sdk-greengrass\1.12.780\aws-java-sdk-greengrass-1.12.780.jar;C:\Users\hp\.m2\repository\com\amazonaws\aws-java-sdk-athena\1.12.780\aws-java-sdk-athena-1.12.780.jar;C:\Users\hp\.m2\repository\com\amazonaws\aws-java-sdk-marketplaceentitlement\1.12.780\aws-java-sdk-marketplaceentitlement-1.12.780.jar;C:\Users\hp\.m2\repository\com\amazonaws\aws-java-sdk-codestar\1.12.780\aws-java-sdk-codestar-1.12.780.jar;C:\Users\hp\.m2\repository\com\amazonaws\aws-java-sdk-lexmodelbuilding\1.12.780\aws-java-sdk-lexmodelbuilding-1.12.780.jar;C:\Users\hp\.m2\repository\com\amazonaws\aws-java-sdk-resourcegroupstaggingapi\1.12.780\aws-java-sdk-resourcegroupstaggingapi-1.12.780.jar;C:\Users\hp\.m2\repository\com\amazonaws\aws-java-sdk-pinpoint\1.12.780\aws-java-sdk-pinpoint-1.12.780.jar;C:\Users\hp\.m2\repository\com\amazonaws\aws-java-sdk-xray\1.12.780\aws-java-sdk-xray-1.12.780.jar;C:\Users\hp\.m2\repository\com\amazonaws\aws-java-sdk-opsworkscm\1.12.780\aws-java-sdk-opsworkscm-1.12.780.jar;C:\Users\hp\.m2\repository\com\amazonaws\aws-java-sdk-support\1.12.780\aws-java-sdk-support-1.12.780.jar;C:\Users\hp\.m2\repository\com\amazonaws\aws-java-sdk-simpledb\1.12.780\aws-java-sdk-simpledb-1.12.780.jar;C:\Users\hp\.m2\repository\com\amazonaws\aws-java-sdk-servicecatalog\1.12.780\aws-java-sdk-servicecatalog-1.12.780.jar;C:\Users\hp\.m2\repository\com\amazonaws\aws-java-sdk-servermigration\1.12.780\aws-java-sdk-servermigration-1.12.780.jar;C:\Users\hp\.m2\repository\com\amazonaws\aws-java-sdk-simpleworkflow\1.12.780\aws-java-sdk-simpleworkflow-1.12.780.jar;C:\Users\hp\.m2\repository\com\amazonaws\aws-java-sdk-storagegateway\1.12.780\aws-java-sdk-storagegateway-1.12.780.jar;C:\Users\hp\.m2\repository\com\amazonaws\aws-java-sdk-route53\1.12.780\aws-java-sdk-route53-1.12.780.jar;C:\Users\hp\.m2\repository\com\amazonaws\aws-java-sdk-s3\1.12.780\aws-java-sdk-s3-1.12.780.jar;C:\Users\hp\.m2\repository\com\amazonaws\aws-java-sdk-importexport\1.12.780\aws-java-sdk-importexport-1.12.780.jar;C:\Users\hp\.m2\repository\com\amazonaws\aws-java-sdk-sts\1.12.780\aws-java-sdk-sts-1.12.780.jar;C:\Users\hp\.m2\repository\com\amazonaws\aws-java-sdk-sqs\1.12.780\aws-java-sdk-sqs-1.12.780.jar;C:\Users\hp\.m2\repository\com\amazonaws\aws-java-sdk-rds\1.12.780\aws-java-sdk-rds-1.12.780.jar;C:\Users\hp\.m2\repository\com\amazonaws\aws-java-sdk-redshift\1.12.780\aws-java-sdk-redshift-1.12.780.jar;C:\Users\hp\.m2\repository\com\amazonaws\aws-java-sdk-elasticbeanstalk\1.12.780\aws-java-sdk-elasticbeanstalk-1.12.780.jar;C:\Users\hp\.m2\repository\com\amazonaws\aws-java-sdk-glacier\1.12.780\aws-java-sdk-glacier-1.12.780.jar;C:\Users\hp\.m2\repository\com\amazonaws\aws-java-sdk-iam\1.12.780\aws-java-sdk-iam-1.12.780.jar;C:\Users\hp\.m2\repository\com\amazonaws\aws-java-sdk-datapipeline\1.12.780\aws-java-sdk-datapipeline-1.12.780.jar;C:\Users\hp\.m2\repository\com\amazonaws\aws-java-sdk-elasticloadbalancing\1.12.780\aws-java-sdk-elasticloadbalancing-1.12.780.jar;C:\Users\hp\.m2\repository\com\amazonaws\aws-java-sdk-elasticloadbalancingv2\1.12.780\aws-java-sdk-elasticloadbalancingv2-1.12.780.jar;C:\Users\hp\.m2\repository\com\amazonaws\aws-java-sdk-emr\1.12.780\aws-java-sdk-emr-1.12.780.jar;C:\Users\hp\.m2\repository\com\amazonaws\aws-java-sdk-elasticache\1.12.780\aws-java-sdk-elasticache-1.12.780.jar;C:\Users\hp\.m2\repository\com\amazonaws\aws-java-sdk-elastictranscoder\1.12.780\aws-java-sdk-elastictranscoder-1.12.780.jar;C:\Users\hp\.m2\repository\com\amazonaws\aws-java-sdk-ec2\1.12.780\aws-java-sdk-ec2-1.12.780.jar;C:\Users\hp\.m2\repository\com\amazonaws\aws-java-sdk-dynamodb\1.12.780\aws-java-sdk-dynamodb-1.12.780.jar;C:\Users\hp\.m2\repository\com\amazonaws\aws-java-sdk-sns\1.12.780\aws-java-sdk-sns-1.12.780.jar;C:\Users\hp\.m2\repository\com\amazonaws\aws-java-sdk-budgets\1.12.780\aws-java-sdk-budgets-1.12.780.jar;C:\Users\hp\.m2\repository\com\amazonaws\aws-java-sdk-cloudtrail\1.12.780\aws-java-sdk-cloudtrail-1.12.780.jar;C:\Users\hp\.m2\repository\com\amazonaws\aws-java-sdk-cloudwatch\1.12.780\aws-java-sdk-cloudwatch-1.12.780.jar;C:\Users\hp\.m2\repository\com\amazonaws\aws-java-sdk-logs\1.12.780\aws-java-sdk-logs-1.12.780.jar;C:\Users\hp\.m2\repository\com\amazonaws\aws-java-sdk-events\1.12.780\aws-java-sdk-events-1.12.780.jar;C:\Users\hp\.m2\repository\com\amazonaws\aws-java-sdk-cognitoidentity\1.12.780\aws-java-sdk-cognitoidentity-1.12.780.jar;C:\Users\hp\.m2\repository\com\amazonaws\aws-java-sdk-cognitosync\1.12.780\aws-java-sdk-cognitosync-1.12.780.jar;C:\Users\hp\.m2\repository\com\amazonaws\aws-java-sdk-directconnect\1.12.780\aws-java-sdk-directconnect-1.12.780.jar;C:\Users\hp\.m2\repository\com\amazonaws\aws-java-sdk-cloudformation\1.12.780\aws-java-sdk-cloudformation-1.12.780.jar;C:\Users\hp\.m2\repository\com\amazonaws\aws-java-sdk-cloudfront\1.12.780\aws-java-sdk-cloudfront-1.12.780.jar;C:\Users\hp\.m2\repository\com\amazonaws\aws-java-sdk-clouddirectory\1.12.780\aws-java-sdk-clouddirectory-1.12.780.jar;C:\Users\hp\.m2\repository\com\amazonaws\aws-java-sdk-kinesis\1.12.780\aws-java-sdk-kinesis-1.12.780.jar;C:\Users\hp\.m2\repository\com\amazonaws\aws-java-sdk-opsworks\1.12.780\aws-java-sdk-opsworks-1.12.780.jar;C:\Users\hp\.m2\repository\com\amazonaws\aws-java-sdk-ses\1.12.780\aws-java-sdk-ses-1.12.780.jar;C:\Users\hp\.m2\repository\com\amazonaws\aws-java-sdk-autoscaling\1.12.780\aws-java-sdk-autoscaling-1.12.780.jar;C:\Users\hp\.m2\repository\com\amazonaws\aws-java-sdk-cloudsearch\1.12.780\aws-java-sdk-cloudsearch-1.12.780.jar;C:\Users\hp\.m2\repository\com\amazonaws\aws-java-sdk-cloudwatchmetrics\1.12.780\aws-java-sdk-cloudwatchmetrics-1.12.780.jar;C:\Users\hp\.m2\repository\com\amazonaws\aws-java-sdk-codedeploy\1.12.780\aws-java-sdk-codedeploy-1.12.780.jar;C:\Users\hp\.m2\repository\com\amazonaws\aws-java-sdk-codepipeline\1.12.780\aws-java-sdk-codepipeline-1.12.780.jar;C:\Users\hp\.m2\repository\com\amazonaws\aws-java-sdk-kms\1.12.780\aws-java-sdk-kms-1.12.780.jar;C:\Users\hp\.m2\repository\com\amazonaws\aws-java-sdk-config\1.12.780\aws-java-sdk-config-1.12.780.jar;C:\Users\hp\.m2\repository\com\amazonaws\aws-java-sdk-lambda\1.12.780\aws-java-sdk-lambda-1.12.780.jar;C:\Users\hp\.m2\repository\com\amazonaws\aws-java-sdk-ecs\1.12.780\aws-java-sdk-ecs-1.12.780.jar;C:\Users\hp\.m2\repository\com\amazonaws\aws-java-sdk-ecr\1.12.780\aws-java-sdk-ecr-1.12.780.jar;C:\Users\hp\.m2\repository\com\amazonaws\aws-java-sdk-cloudhsm\1.12.780\aws-java-sdk-cloudhsm-1.12.780.jar;C:\Users\hp\.m2\repository\com\amazonaws\aws-java-sdk-ssm\1.12.780\aws-java-sdk-ssm-1.12.780.jar;C:\Users\hp\.m2\repository\com\amazonaws\aws-java-sdk-workspaces\1.12.780\aws-java-sdk-workspaces-1.12.780.jar;C:\Users\hp\.m2\repository\com\amazonaws\aws-java-sdk-machinelearning\1.12.780\aws-java-sdk-machinelearning-1.12.780.jar;C:\Users\hp\.m2\repository\com\amazonaws\aws-java-sdk-directory\1.12.780\aws-java-sdk-directory-1.12.780.jar;C:\Users\hp\.m2\repository\com\amazonaws\aws-java-sdk-efs\1.12.780\aws-java-sdk-efs-1.12.780.jar;C:\Users\hp\.m2\repository\com\amazonaws\aws-java-sdk-codecommit\1.12.780\aws-java-sdk-codecommit-1.12.780.jar;C:\Users\hp\.m2\repository\com\amazonaws\aws-java-sdk-devicefarm\1.12.780\aws-java-sdk-devicefarm-1.12.780.jar;C:\Users\hp\.m2\repository\com\amazonaws\aws-java-sdk-elasticsearch\1.12.780\aws-java-sdk-elasticsearch-1.12.780.jar;C:\Users\hp\.m2\repository\com\amazonaws\aws-java-sdk-waf\1.12.780\aws-java-sdk-waf-1.12.780.jar;C:\Users\hp\.m2\repository\com\amazonaws\aws-java-sdk-marketplacecommerceanalytics\1.12.780\aws-java-sdk-marketplacecommerceanalytics-1.12.780.jar;C:\Users\hp\.m2\repository\com\amazonaws\aws-java-sdk-inspector\1.12.780\aws-java-sdk-inspector-1.12.780.jar;C:\Users\hp\.m2\repository\com\amazonaws\aws-java-sdk-iot\1.12.780\aws-java-sdk-iot-1.12.780.jar;C:\Users\hp\.m2\repository\com\amazonaws\aws-java-sdk-api-gateway\1.12.780\aws-java-sdk-api-gateway-1.12.780.jar;C:\Users\hp\.m2\repository\com\amazonaws\aws-java-sdk-acm\1.12.780\aws-java-sdk-acm-1.12.780.jar;C:\Users\hp\.m2\repository\com\amazonaws\aws-java-sdk-gamelift\1.12.780\aws-java-sdk-gamelift-1.12.780.jar;C:\Users\hp\.m2\repository\com\amazonaws\aws-java-sdk-dms\1.12.780\aws-java-sdk-dms-1.12.780.jar;C:\Users\hp\.m2\repository\com\amazonaws\aws-java-sdk-marketplacemeteringservice\1.12.780\aws-java-sdk-marketplacemeteringservice-1.12.780.jar;C:\Users\hp\.m2\repository\com\amazonaws\aws-java-sdk-cognitoidp\1.12.780\aws-java-sdk-cognitoidp-1.12.780.jar;C:\Users\hp\.m2\repository\com\amazonaws\aws-java-sdk-discovery\1.12.780\aws-java-sdk-discovery-1.12.780.jar;C:\Users\hp\.m2\repository\com\amazonaws\aws-java-sdk-applicationautoscaling\1.12.780\aws-java-sdk-applicationautoscaling-1.12.780.jar;C:\Users\hp\.m2\repository\com\amazonaws\aws-java-sdk-snowball\1.12.780\aws-java-sdk-snowball-1.12.780.jar;C:\Users\hp\.m2\repository\com\amazonaws\aws-java-sdk-rekognition\1.12.780\aws-java-sdk-rekognition-1.12.780.jar;C:\Users\hp\.m2\repository\com\amazonaws\aws-java-sdk-polly\1.12.780\aws-java-sdk-polly-1.12.780.jar;C:\Users\hp\.m2\repository\com\amazonaws\aws-java-sdk-lightsail\1.12.780\aws-java-sdk-lightsail-1.12.780.jar;C:\Users\hp\.m2\repository\com\amazonaws\aws-java-sdk-stepfunctions\1.12.780\aws-java-sdk-stepfunctions-1.12.780.jar;C:\Users\hp\.m2\repository\com\amazonaws\aws-java-sdk-health\1.12.780\aws-java-sdk-health-1.12.780.jar;C:\Users\hp\.m2\repository\com\amazonaws\aws-java-sdk-costandusagereport\1.12.780\aws-java-sdk-costandusagereport-1.12.780.jar;C:\Users\hp\.m2\repository\com\amazonaws\aws-java-sdk-codebuild\1.12.780\aws-java-sdk-codebuild-1.12.780.jar;C:\Users\hp\.m2\repository\com\amazonaws\aws-java-sdk-appstream\1.12.780\aws-java-sdk-appstream-1.12.780.jar;C:\Users\hp\.m2\repository\com\amazonaws\aws-java-sdk-shield\1.12.780\aws-java-sdk-shield-1.12.780.jar;C:\Users\hp\.m2\repository\com\amazonaws\aws-java-sdk-batch\1.12.780\aws-java-sdk-batch-1.12.780.jar;C:\Users\hp\.m2\repository\com\amazonaws\aws-java-sdk-lex\1.12.780\aws-java-sdk-lex-1.12.780.jar;C:\Users\hp\.m2\repository\com\amazonaws\aws-java-sdk-mechanicalturkrequester\1.12.780\aws-java-sdk-mechanicalturkrequester-1.12.780.jar;C:\Users\hp\.m2\repository\com\amazonaws\aws-java-sdk-organizations\1.12.780\aws-java-sdk-organizations-1.12.780.jar;C:\Users\hp\.m2\repository\com\amazonaws\aws-java-sdk-workdocs\1.12.780\aws-java-sdk-workdocs-1.12.780.jar;C:\Users\hp\.m2\repository\com\amazonaws\aws-java-sdk-core\1.12.780\aws-java-sdk-core-1.12.780.jar;C:\Users\hp\.m2\repository\commons-logging\commons-logging\1.1.3\commons-logging-1.1.3.jar;C:\Users\hp\.m2\repository\org\apache\httpcomponents\httpclient\4.5.13\httpclient-4.5.13.jar;C:\Users\hp\.m2\repository\org\apache\httpcomponents\httpcore\4.4.16\httpcore-4.4.16.jar;C:\Users\hp\.m2\repository\com\fasterxml\jackson\dataformat\jackson-dataformat-cbor\2.18.2\jackson-dataformat-cbor-2.18.2.jar;C:\Users\hp\.m2\repository\joda-time\joda-time\2.12.7\joda-time-2.12.7.jar;C:\Users\hp\.m2\repository\com\amazonaws\aws-java-sdk-models\1.12.780\aws-java-sdk-models-1.12.780.jar;C:\Users\hp\.m2\repository\com\amazonaws\aws-java-sdk-swf-libraries\1.11.22\aws-java-sdk-swf-libraries-1.11.22.jar;C:\Users\hp\.m2\repository\org\springframework\boot\spring-boot-starter-web\3.4.1\spring-boot-starter-web-3.4.1.jar;C:\Users\hp\.m2\repository\org\springframework\boot\spring-boot-starter-json\3.4.1\spring-boot-starter-json-3.4.1.jar;C:\Users\hp\.m2\repository\com\fasterxml\jackson\datatype\jackson-datatype-jdk8\2.18.2\jackson-datatype-jdk8-2.18.2.jar;C:\Users\hp\.m2\repository\com\fasterxml\jackson\datatype\jackson-datatype-jsr310\2.18.2\jackson-datatype-jsr310-2.18.2.jar;C:\Users\hp\.m2\repository\com\fasterxml\jackson\module\jackson-module-parameter-names\2.18.2\jackson-module-parameter-names-2.18.2.jar;C:\Users\hp\.m2\repository\org\springframework\boot\spring-boot-starter-tomcat\3.4.1\spring-boot-starter-tomcat-3.4.1.jar;C:\Users\hp\.m2\repository\org\apache\tomcat\embed\tomcat-embed-core\10.1.34\tomcat-embed-core-10.1.34.jar;C:\Users\hp\.m2\repository\org\apache\tomcat\embed\tomcat-embed-el\10.1.34\tomcat-embed-el-10.1.34.jar;C:\Users\hp\.m2\repository\org\apache\tomcat\embed\tomcat-embed-websocket\10.1.34\tomcat-embed-websocket-10.1.34.jar;C:\Users\hp\.m2\repository\org\springframework\spring-web\6.2.1\spring-web-6.2.1.jar;C:\Users\hp\.m2\repository\io\micrometer\micrometer-observation\1.14.2\micrometer-observation-1.14.2.jar;C:\Users\hp\.m2\repository\io\micrometer\micrometer-commons\1.14.2\micrometer-commons-1.14.2.jar;C:\Users\hp\.m2\repository\org\springframework\spring-webmvc\6.2.1\spring-webmvc-6.2.1.jar;C:\Users\hp\.m2\repository\org\apache\poi\poi\5.2.3\poi-5.2.3.jar;C:\Users\hp\.m2\repository\commons-codec\commons-codec\1.17.1\commons-codec-1.17.1.jar;C:\Users\hp\.m2\repository\org\apache\commons\commons-collections4\4.4\commons-collections4-4.4.jar;C:\Users\hp\.m2\repository\org\apache\commons\commons-math3\3.6.1\commons-math3-3.6.1.jar;C:\Users\hp\.m2\repository\commons-io\commons-io\2.11.0\commons-io-2.11.0.jar;C:\Users\hp\.m2\repository\com\zaxxer\SparseBitSet\1.2\SparseBitSet-1.2.jar;C:\Users\hp\.m2\repository\org\apache\logging\log4j\log4j-api\2.24.3\log4j-api-2.24.3.jar;C:\Users\hp\.m2\repository\org\apache\poi\poi-ooxml\5.2.3\poi-ooxml-5.2.3.jar;C:\Users\hp\.m2\repository\org\apache\poi\poi-ooxml-lite\5.2.3\poi-ooxml-lite-5.2.3.jar;C:\Users\hp\.m2\repository\org\apache\xmlbeans\xmlbeans\5.1.1\xmlbeans-5.1.1.jar;C:\Users\hp\.m2\repository\org\apache\commons\commons-compress\1.21\commons-compress-1.21.jar;C:\Users\hp\.m2\repository\com\github\virtuald\curvesapi\1.07\curvesapi-1.07.jar;C:\Users\hp\.m2\repository\io\jsonwebtoken\jjwt-api\0.11.5\jjwt-api-0.11.5.jar;C:\Users\hp\.m2\repository\io\jsonwebtoken\jjwt-impl\0.11.5\jjwt-impl-0.11.5.jar;C:\Users\hp\.m2\repository\io\jsonwebtoken\jjwt-jackson\0.11.5\jjwt-jackson-0.11.5.jar;C:\Users\hp\.m2\repository\com\fasterxml\jackson\core\jackson-databind\2.18.2\jackson-databind-2.18.2.jar;C:\Users\hp\.m2\repository\com\fasterxml\jackson\core\jackson-annotations\2.18.2\jackson-annotations-2.18.2.jar;C:\Users\hp\.m2\repository\com\fasterxml\jackson\core\jackson-core\2.18.2\jackson-core-2.18.2.jar;C:\Users\hp\.m2\repository\org\postgresql\postgresql\42.7.4\postgresql-42.7.4.jar;C:\Users\hp\.m2\repository\org\checkerframework\checker-qual\3.42.0\checker-qual-3.42.0.jar;C:\Users\hp\.m2\repository\com\mysql\mysql-connector-j\9.1.0\mysql-connector-j-9.1.0.jar;C:\Users\hp\.m2\repository\jakarta\xml\bind\jakarta.xml.bind-api\4.0.2\jakarta.xml.bind-api-4.0.2.jar;C:\Users\hp\.m2\repository\jakarta\activation\jakarta.activation-api\2.1.3\jakarta.activation-api-2.1.3.jar;C:\Users\hp\.m2\repository\org\springframework\spring-core\6.2.1\spring-core-6.2.1.jar;C:\Users\hp\.m2\repository\org\springframework\spring-jcl\6.2.1\spring-jcl-6.2.1.jar;C:\Users\hp\.m2\repository\org\springframework\security\spring-security-core\6.4.2\spring-security-core-6.4.2.jar;C:\Users\hp\.m2\repository\org\springframework\security\spring-security-crypto\6.4.2\spring-security-crypto-6.4.2.jar;C:\Users\hp\.m2\repository\javax\servlet\javax.servlet-api\3.1.0\javax.servlet-api-3.1.0.jar
Launcher Type: SUN_STANDARD

[Global flags]
     intx CICompilerCount                          = 4                                         {product} {ergonomic}
     uint ConcGCThreads                            = 3                                         {product} {ergonomic}
     uint G1ConcRefinementThreads                  = 10                                        {product} {ergonomic}
   size_t G1HeapRegionSize                         = 2097152                                   {product} {ergonomic}
    uintx GCDrainStackTargetSize                   = 64                                        {product} {ergonomic}
   size_t InitialHeapSize                          = 257949696                                 {product} {ergonomic}
   size_t MarkStackSize                            = 4194304                                   {product} {ergonomic}
   size_t MaxHeapSize                              = 4114612224                                {product} {ergonomic}
   size_t MinHeapDeltaBytes                        = 2097152                                   {product} {ergonomic}
   size_t MinHeapSize                              = 8388608                                   {product} {ergonomic}
    uintx NonNMethodCodeHeapSize                   = 5839372                                {pd product} {ergonomic}
    uintx NonProfiledCodeHeapSize                  = 122909434                              {pd product} {ergonomic}
    uintx ProfiledCodeHeapSize                     = 122909434                              {pd product} {ergonomic}
    uintx ReservedCodeCacheSize                    = 251658240                              {pd product} {ergonomic}
     bool SegmentedCodeCache                       = true                                      {product} {ergonomic}
   size_t SoftMaxHeapSize                          = 4114612224                             {manageable} {ergonomic}
     bool UseCompressedOops                        = true                           {product lp64_product} {ergonomic}
     bool UseG1GC                                  = true                                      {product} {ergonomic}
     bool UseLargePagesIndividualAllocation        = false                                  {pd product} {ergonomic}

Logging:
Log output configuration:
 #0: stdout all=warning uptime,level,tags foldmultilines=false
 #1: stderr all=off uptime,level,tags foldmultilines=false

Environment Variables:
JAVA_HOME=C:\Program Files\Microsoft\jdk-17.0.12.7-hotspot\
PATH=C:\Program Files\Microsoft\jdk-17.0.12.7-hotspot\bin;C:\Program Files (x86)\VMware\VMware Player\bin\;C:\Program Files\Common Files\Oracle\Java\javapath;C:\Program Files (x86)\Common Files\Intel\Shared Libraries\redist\intel64\compiler;C:\windows\system32;C:\windows;C:\windows\System32\Wbem;C:\windows\System32\WindowsPowerShell\v1.0\;C:\windows\System32\OpenSSH\;C:\Program Files (x86)\NVIDIA Corporation\PhysX\Common;C:\Program Files\NVIDIA Corporation\NVIDIA NvDLISR;C:\WINDOWS\system32;C:\WINDOWS;C:\WINDOWS\System32\Wbem;C:\WINDOWS\System32\WindowsPowerShell\v1.0\;C:\WINDOWS\System32\OpenSSH\;C:\MinGW\bin;C:\flutter\bin;C:\Program Files\Java\jdk-21\bin;C:\Users\hp\Downloads\apache-maven-3.9.5-bin\apache-maven-3.9.5\bin;C:\ProgramData\chocolatey\bin;C:\Program Files\Git\cmd;C:\Program Files\Git\bin;C:\Program Files\PuTTY\;C:\msys64\ucrt64\bin;C:\Program Files\MongoDB\Server\7.0\bin;C:\Users\hp\AppData\Local\Android\Sdk\platform-tools;C:\Program Files\nodejs\;C:\Users\hp\AppData\Local\Programs\Python\Python310\Scripts\;C:\Users\hp\AppData\Local\Programs\Python\Python310\;C:\Users\hp\AppData\Local\Programs\Python\Python313\Scripts\;C:\Users\hp\AppData\Local\Programs\Python\Python313\;C:\Users\hp\AppData\Local\Programs\Python\Launcher\;C:\Users\hp\AppData\Local\Programs\Python\Python312\Scripts\;C:\Users\hp\AppData\Local\Programs\Python\Python312\;C:\Users\hp\AppData\Local\Microsoft\WindowsApps;C:\Users\hp\AppData\Local\Programs\Microsoft VS Code\bin;C:\flutter\bin;C:\Program Files\JetBrains\IntelliJ IDEA Community Edition 2023.2.3\bin;;C:\Users\hp\.jdks\openjdk-21.0.1\bin;C:\Program Files\Git\cmd;C:\Users\hp\AppData\Local\GitHubDesktop\bin;C:\Program Files\JetBrains\PyCharm 2024.1.1\bin;;C:\Program Files\JetBrains\PyCharm Community Edition 2024.1.4\bin;;C:\Users\hp\AppData\Local\Android\Sdk\platform-tools;C:\Users\hp\AppData\Roaming\npm;
USERNAME=hp
OS=Windows_NT
PROCESSOR_IDENTIFIER=AMD64 Family 23 Model 104 Stepping 1, AuthenticAMD
TMP=C:\Users\hp\AppData\Local\Temp
TEMP=C:\Users\hp\AppData\Local\Temp




Periodic native trim disabled

---------------  S Y S T E M  ---------------

OS:
 Windows 11 , 64 bit Build 22621 (10.0.22621.4391)
OS uptime: 3 days 20:39 hours
Hyper-V role detected

CPU: total 12 (initial active 12) (12 cores per cpu, 2 threads per core) family 23 model 104 stepping 1 microcode 0x0, cx8, cmov, fxsr, ht, mmx, 3dnowpref, sse, sse2, sse3, ssse3, sse4a, sse4.1, sse4.2, popcnt, lzcnt, tsc, tscinvbit, avx, avx2, aes, clmul, bmi1, bmi2, adx, sha, fma, vzeroupper, clflush, clflushopt, hv, rdtscp, rdpid, f16c
Processor Information for processor 0
  Max Mhz: 2100, Current Mhz: 2100, Mhz Limit: 2100
Processor Information for processor 1
  Max Mhz: 2100, Current Mhz: 1813, Mhz Limit: 2100
Processor Information for processor 2
  Max Mhz: 2100, Current Mhz: 2100, Mhz Limit: 2100
Processor Information for processor 3
  Max Mhz: 2100, Current Mhz: 1813, Mhz Limit: 2100
Processor Information for processor 4
  Max Mhz: 2100, Current Mhz: 2100, Mhz Limit: 2100
Processor Information for processor 5
  Max Mhz: 2100, Current Mhz: 1813, Mhz Limit: 2100
Processor Information for processor 6
  Max Mhz: 2100, Current Mhz: 2100, Mhz Limit: 2100
Processor Information for processor 7
  Max Mhz: 2100, Current Mhz: 2100, Mhz Limit: 2100
Processor Information for processor 8
  Max Mhz: 2100, Current Mhz: 1813, Mhz Limit: 2100
Processor Information for processor 9
  Max Mhz: 2100, Current Mhz: 2100, Mhz Limit: 2100
Processor Information for processor 10
  Max Mhz: 2100, Current Mhz: 1813, Mhz Limit: 2100
Processor Information for processor 11
  Max Mhz: 2100, Current Mhz: 1813, Mhz Limit: 2100

Memory: 4k page, system-wide physical 15693M (1068M free)
TotalPageFile size 32077M (AvailPageFile size 209M)
current process WorkingSet (physical memory assigned to process): 11M, peak: 11M
current process commit charge ("private bytes"): 64M, peak: 310M

vm_info: Java HotSpot(TM) 64-Bit Server VM (21.0.1+12-LTS-29) for windows-amd64 JRE (21.0.1+12-LTS-29), built on 2023-10-05T13:27:09Z by "mach5one" with MS VC++ 17.1 (VS2022)

END.
